<?xml version="1.0" encoding="UTF-8"?>
<testsuite xmlns:xsi="http://www.w3.org/2001/XMLSchema-instance" xsi:noNamespaceSchemaLocation="https://maven.apache.org/surefire/maven-surefire-plugin/xsd/surefire-test-report-3.0.xsd" version="3.0" name="online.zust.qcqcqc.utils.TestDemos" time="19.219" tests="10" errors="0" skipped="0" failures="0">
  <properties>
    <property name="java.specification.version" value="17"/>
    <property name="sun.cpu.isalist" value="amd64"/>
    <property name="sun.jnu.encoding" value="GBK"/>
    <property name="java.class.path" value="D:\Develop\JavaDevelop\qc-tools\threads-utils\target\test-classes;D:\Develop\JavaDevelop\qc-tools\threads-utils\target\classes;C:\Users\pqcmm\.m2\repository\org\springframework\boot\spring-boot-starter-web\2.7.6\spring-boot-starter-web-2.7.6.jar;C:\Users\pqcmm\.m2\repository\org\springframework\boot\spring-boot-starter\2.7.6\spring-boot-starter-2.7.6.jar;C:\Users\pqcmm\.m2\repository\org\springframework\boot\spring-boot\2.7.6\spring-boot-2.7.6.jar;C:\Users\pqcmm\.m2\repository\org\springframework\boot\spring-boot-starter-logging\2.7.6\spring-boot-starter-logging-2.7.6.jar;C:\Users\pqcmm\.m2\repository\ch\qos\logback\logback-classic\1.2.11\logback-classic-1.2.11.jar;C:\Users\pqcmm\.m2\repository\ch\qos\logback\logback-core\1.2.11\logback-core-1.2.11.jar;C:\Users\pqcmm\.m2\repository\org\apache\logging\log4j\log4j-to-slf4j\2.17.2\log4j-to-slf4j-2.17.2.jar;C:\Users\pqcmm\.m2\repository\org\apache\logging\log4j\log4j-api\2.17.2\log4j-api-2.17.2.jar;C:\Users\pqcmm\.m2\repository\org\slf4j\jul-to-slf4j\1.7.36\jul-to-slf4j-1.7.36.jar;C:\Users\pqcmm\.m2\repository\jakarta\annotation\jakarta.annotation-api\1.3.5\jakarta.annotation-api-1.3.5.jar;C:\Users\pqcmm\.m2\repository\org\springframework\spring-core\5.3.24\spring-core-5.3.24.jar;C:\Users\pqcmm\.m2\repository\org\springframework\spring-jcl\5.3.24\spring-jcl-5.3.24.jar;C:\Users\pqcmm\.m2\repository\org\yaml\snakeyaml\1.30\snakeyaml-1.30.jar;C:\Users\pqcmm\.m2\repository\org\springframework\boot\spring-boot-starter-json\2.7.6\spring-boot-starter-json-2.7.6.jar;C:\Users\pqcmm\.m2\repository\com\fasterxml\jackson\core\jackson-databind\2.13.4.2\jackson-databind-2.13.4.2.jar;C:\Users\pqcmm\.m2\repository\com\fasterxml\jackson\core\jackson-annotations\2.13.4\jackson-annotations-2.13.4.jar;C:\Users\pqcmm\.m2\repository\com\fasterxml\jackson\core\jackson-core\2.13.4\jackson-core-2.13.4.jar;C:\Users\pqcmm\.m2\repository\com\fasterxml\jackson\datatype\jackson-datatype-jdk8\2.13.4\jackson-datatype-jdk8-2.13.4.jar;C:\Users\pqcmm\.m2\repository\com\fasterxml\jackson\datatype\jackson-datatype-jsr310\2.13.4\jackson-datatype-jsr310-2.13.4.jar;C:\Users\pqcmm\.m2\repository\com\fasterxml\jackson\module\jackson-module-parameter-names\2.13.4\jackson-module-parameter-names-2.13.4.jar;C:\Users\pqcmm\.m2\repository\org\springframework\boot\spring-boot-starter-tomcat\2.7.6\spring-boot-starter-tomcat-2.7.6.jar;C:\Users\pqcmm\.m2\repository\org\apache\tomcat\embed\tomcat-embed-core\9.0.69\tomcat-embed-core-9.0.69.jar;C:\Users\pqcmm\.m2\repository\org\apache\tomcat\embed\tomcat-embed-el\9.0.69\tomcat-embed-el-9.0.69.jar;C:\Users\pqcmm\.m2\repository\org\apache\tomcat\embed\tomcat-embed-websocket\9.0.69\tomcat-embed-websocket-9.0.69.jar;C:\Users\pqcmm\.m2\repository\org\springframework\spring-web\5.3.24\spring-web-5.3.24.jar;C:\Users\pqcmm\.m2\repository\org\springframework\spring-beans\5.3.24\spring-beans-5.3.24.jar;C:\Users\pqcmm\.m2\repository\org\springframework\spring-webmvc\5.3.24\spring-webmvc-5.3.24.jar;C:\Users\pqcmm\.m2\repository\org\springframework\spring-aop\5.3.24\spring-aop-5.3.24.jar;C:\Users\pqcmm\.m2\repository\org\springframework\spring-context\5.3.24\spring-context-5.3.24.jar;C:\Users\pqcmm\.m2\repository\org\springframework\spring-expression\5.3.24\spring-expression-5.3.24.jar;C:\Users\pqcmm\.m2\repository\com\baomidou\mybatis-plus-boot-starter\3.5.5\mybatis-plus-boot-starter-3.5.5.jar;C:\Users\pqcmm\.m2\repository\com\baomidou\mybatis-plus\3.5.5\mybatis-plus-3.5.5.jar;C:\Users\pqcmm\.m2\repository\com\baomidou\mybatis-plus-core\3.5.5\mybatis-plus-core-3.5.5.jar;C:\Users\pqcmm\.m2\repository\com\baomidou\mybatis-plus-annotation\3.5.5\mybatis-plus-annotation-3.5.5.jar;C:\Users\pqcmm\.m2\repository\com\baomidou\mybatis-plus-extension\3.5.5\mybatis-plus-extension-3.5.5.jar;C:\Users\pqcmm\.m2\repository\org\mybatis\mybatis\3.5.15\mybatis-3.5.15.jar;C:\Users\pqcmm\.m2\repository\com\github\jsqlparser\jsqlparser\4.6\jsqlparser-4.6.jar;C:\Users\pqcmm\.m2\repository\org\mybatis\mybatis-spring\2.1.2\mybatis-spring-2.1.2.jar;C:\Users\pqcmm\.m2\repository\com\baomidou\mybatis-plus-spring-boot-autoconfigure\3.5.5\mybatis-plus-spring-boot-autoconfigure-3.5.5.jar;C:\Users\pqcmm\.m2\repository\org\springframework\boot\spring-boot-autoconfigure\2.7.6\spring-boot-autoconfigure-2.7.6.jar;C:\Users\pqcmm\.m2\repository\org\springframework\boot\spring-boot-starter-jdbc\2.7.6\spring-boot-starter-jdbc-2.7.6.jar;C:\Users\pqcmm\.m2\repository\com\zaxxer\HikariCP\4.0.3\HikariCP-4.0.3.jar;C:\Users\pqcmm\.m2\repository\org\slf4j\slf4j-api\1.7.36\slf4j-api-1.7.36.jar;C:\Users\pqcmm\.m2\repository\org\springframework\spring-jdbc\5.3.24\spring-jdbc-5.3.24.jar;C:\Users\pqcmm\.m2\repository\org\springframework\spring-tx\5.3.24\spring-tx-5.3.24.jar;C:\Users\pqcmm\.m2\repository\org\junit\jupiter\junit-jupiter\5.8.2\junit-jupiter-5.8.2.jar;C:\Users\pqcmm\.m2\repository\org\junit\jupiter\junit-jupiter-api\5.8.2\junit-jupiter-api-5.8.2.jar;C:\Users\pqcmm\.m2\repository\org\opentest4j\opentest4j\1.2.0\opentest4j-1.2.0.jar;C:\Users\pqcmm\.m2\repository\org\junit\platform\junit-platform-commons\1.8.2\junit-platform-commons-1.8.2.jar;C:\Users\pqcmm\.m2\repository\org\apiguardian\apiguardian-api\1.1.2\apiguardian-api-1.1.2.jar;C:\Users\pqcmm\.m2\repository\org\junit\jupiter\junit-jupiter-params\5.8.2\junit-jupiter-params-5.8.2.jar;C:\Users\pqcmm\.m2\repository\org\junit\jupiter\junit-jupiter-engine\5.8.2\junit-jupiter-engine-5.8.2.jar;C:\Users\pqcmm\.m2\repository\org\junit\platform\junit-platform-engine\1.8.2\junit-platform-engine-1.8.2.jar;"/>
    <property name="java.vm.vendor" value="GraalVM Community"/>
    <property name="sun.arch.data.model" value="64"/>
    <property name="user.variant" value=""/>
    <property name="java.vendor.url" value="https://www.graalvm.org/"/>
    <property name="user.timezone" value="Asia/Shanghai"/>
    <property name="os.name" value="Windows 11"/>
    <property name="java.vm.specification.version" value="17"/>
    <property name="sun.java.launcher" value="SUN_STANDARD"/>
    <property name="user.country" value="CN"/>
    <property name="sun.boot.library.path" value="D:\Develop\Dependency\graalvm\graalvm-ce-java17-22.3.3\bin"/>
    <property name="sun.java.command" value="C:\Users\pqcmm\AppData\Local\Temp\surefire17697489401516588653\surefirebooter-20240325150323019_3.jar C:\Users\pqcmm\AppData\Local\Temp\surefire17697489401516588653 2024-03-25T15-02-53_835-jvmRun1 surefire-20240325150323019_1tmp surefire_0-20240325150323019_2tmp"/>
    <property name="jdk.debug" value="release"/>
    <property name="surefire.test.class.path" value="D:\Develop\JavaDevelop\qc-tools\threads-utils\target\test-classes;D:\Develop\JavaDevelop\qc-tools\threads-utils\target\classes;C:\Users\pqcmm\.m2\repository\org\springframework\boot\spring-boot-starter-web\2.7.6\spring-boot-starter-web-2.7.6.jar;C:\Users\pqcmm\.m2\repository\org\springframework\boot\spring-boot-starter\2.7.6\spring-boot-starter-2.7.6.jar;C:\Users\pqcmm\.m2\repository\org\springframework\boot\spring-boot\2.7.6\spring-boot-2.7.6.jar;C:\Users\pqcmm\.m2\repository\org\springframework\boot\spring-boot-starter-logging\2.7.6\spring-boot-starter-logging-2.7.6.jar;C:\Users\pqcmm\.m2\repository\ch\qos\logback\logback-classic\1.2.11\logback-classic-1.2.11.jar;C:\Users\pqcmm\.m2\repository\ch\qos\logback\logback-core\1.2.11\logback-core-1.2.11.jar;C:\Users\pqcmm\.m2\repository\org\apache\logging\log4j\log4j-to-slf4j\2.17.2\log4j-to-slf4j-2.17.2.jar;C:\Users\pqcmm\.m2\repository\org\apache\logging\log4j\log4j-api\2.17.2\log4j-api-2.17.2.jar;C:\Users\pqcmm\.m2\repository\org\slf4j\jul-to-slf4j\1.7.36\jul-to-slf4j-1.7.36.jar;C:\Users\pqcmm\.m2\repository\jakarta\annotation\jakarta.annotation-api\1.3.5\jakarta.annotation-api-1.3.5.jar;C:\Users\pqcmm\.m2\repository\org\springframework\spring-core\5.3.24\spring-core-5.3.24.jar;C:\Users\pqcmm\.m2\repository\org\springframework\spring-jcl\5.3.24\spring-jcl-5.3.24.jar;C:\Users\pqcmm\.m2\repository\org\yaml\snakeyaml\1.30\snakeyaml-1.30.jar;C:\Users\pqcmm\.m2\repository\org\springframework\boot\spring-boot-starter-json\2.7.6\spring-boot-starter-json-2.7.6.jar;C:\Users\pqcmm\.m2\repository\com\fasterxml\jackson\core\jackson-databind\2.13.4.2\jackson-databind-2.13.4.2.jar;C:\Users\pqcmm\.m2\repository\com\fasterxml\jackson\core\jackson-annotations\2.13.4\jackson-annotations-2.13.4.jar;C:\Users\pqcmm\.m2\repository\com\fasterxml\jackson\core\jackson-core\2.13.4\jackson-core-2.13.4.jar;C:\Users\pqcmm\.m2\repository\com\fasterxml\jackson\datatype\jackson-datatype-jdk8\2.13.4\jackson-datatype-jdk8-2.13.4.jar;C:\Users\pqcmm\.m2\repository\com\fasterxml\jackson\datatype\jackson-datatype-jsr310\2.13.4\jackson-datatype-jsr310-2.13.4.jar;C:\Users\pqcmm\.m2\repository\com\fasterxml\jackson\module\jackson-module-parameter-names\2.13.4\jackson-module-parameter-names-2.13.4.jar;C:\Users\pqcmm\.m2\repository\org\springframework\boot\spring-boot-starter-tomcat\2.7.6\spring-boot-starter-tomcat-2.7.6.jar;C:\Users\pqcmm\.m2\repository\org\apache\tomcat\embed\tomcat-embed-core\9.0.69\tomcat-embed-core-9.0.69.jar;C:\Users\pqcmm\.m2\repository\org\apache\tomcat\embed\tomcat-embed-el\9.0.69\tomcat-embed-el-9.0.69.jar;C:\Users\pqcmm\.m2\repository\org\apache\tomcat\embed\tomcat-embed-websocket\9.0.69\tomcat-embed-websocket-9.0.69.jar;C:\Users\pqcmm\.m2\repository\org\springframework\spring-web\5.3.24\spring-web-5.3.24.jar;C:\Users\pqcmm\.m2\repository\org\springframework\spring-beans\5.3.24\spring-beans-5.3.24.jar;C:\Users\pqcmm\.m2\repository\org\springframework\spring-webmvc\5.3.24\spring-webmvc-5.3.24.jar;C:\Users\pqcmm\.m2\repository\org\springframework\spring-aop\5.3.24\spring-aop-5.3.24.jar;C:\Users\pqcmm\.m2\repository\org\springframework\spring-context\5.3.24\spring-context-5.3.24.jar;C:\Users\pqcmm\.m2\repository\org\springframework\spring-expression\5.3.24\spring-expression-5.3.24.jar;C:\Users\pqcmm\.m2\repository\com\baomidou\mybatis-plus-boot-starter\3.5.5\mybatis-plus-boot-starter-3.5.5.jar;C:\Users\pqcmm\.m2\repository\com\baomidou\mybatis-plus\3.5.5\mybatis-plus-3.5.5.jar;C:\Users\pqcmm\.m2\repository\com\baomidou\mybatis-plus-core\3.5.5\mybatis-plus-core-3.5.5.jar;C:\Users\pqcmm\.m2\repository\com\baomidou\mybatis-plus-annotation\3.5.5\mybatis-plus-annotation-3.5.5.jar;C:\Users\pqcmm\.m2\repository\com\baomidou\mybatis-plus-extension\3.5.5\mybatis-plus-extension-3.5.5.jar;C:\Users\pqcmm\.m2\repository\org\mybatis\mybatis\3.5.15\mybatis-3.5.15.jar;C:\Users\pqcmm\.m2\repository\com\github\jsqlparser\jsqlparser\4.6\jsqlparser-4.6.jar;C:\Users\pqcmm\.m2\repository\org\mybatis\mybatis-spring\2.1.2\mybatis-spring-2.1.2.jar;C:\Users\pqcmm\.m2\repository\com\baomidou\mybatis-plus-spring-boot-autoconfigure\3.5.5\mybatis-plus-spring-boot-autoconfigure-3.5.5.jar;C:\Users\pqcmm\.m2\repository\org\springframework\boot\spring-boot-autoconfigure\2.7.6\spring-boot-autoconfigure-2.7.6.jar;C:\Users\pqcmm\.m2\repository\org\springframework\boot\spring-boot-starter-jdbc\2.7.6\spring-boot-starter-jdbc-2.7.6.jar;C:\Users\pqcmm\.m2\repository\com\zaxxer\HikariCP\4.0.3\HikariCP-4.0.3.jar;C:\Users\pqcmm\.m2\repository\org\slf4j\slf4j-api\1.7.36\slf4j-api-1.7.36.jar;C:\Users\pqcmm\.m2\repository\org\springframework\spring-jdbc\5.3.24\spring-jdbc-5.3.24.jar;C:\Users\pqcmm\.m2\repository\org\springframework\spring-tx\5.3.24\spring-tx-5.3.24.jar;C:\Users\pqcmm\.m2\repository\org\junit\jupiter\junit-jupiter\5.8.2\junit-jupiter-5.8.2.jar;C:\Users\pqcmm\.m2\repository\org\junit\jupiter\junit-jupiter-api\5.8.2\junit-jupiter-api-5.8.2.jar;C:\Users\pqcmm\.m2\repository\org\opentest4j\opentest4j\1.2.0\opentest4j-1.2.0.jar;C:\Users\pqcmm\.m2\repository\org\junit\platform\junit-platform-commons\1.8.2\junit-platform-commons-1.8.2.jar;C:\Users\pqcmm\.m2\repository\org\apiguardian\apiguardian-api\1.1.2\apiguardian-api-1.1.2.jar;C:\Users\pqcmm\.m2\repository\org\junit\jupiter\junit-jupiter-params\5.8.2\junit-jupiter-params-5.8.2.jar;C:\Users\pqcmm\.m2\repository\org\junit\jupiter\junit-jupiter-engine\5.8.2\junit-jupiter-engine-5.8.2.jar;C:\Users\pqcmm\.m2\repository\org\junit\platform\junit-platform-engine\1.8.2\junit-platform-engine-1.8.2.jar;"/>
    <property name="sun.cpu.endian" value="little"/>
    <property name="user.home" value="C:\Users\pqcmm"/>
    <property name="user.language" value="zh"/>
    <property name="java.specification.vendor" value="Oracle Corporation"/>
    <property name="java.version.date" value="2023-07-18"/>
    <property name="java.home" value="D:\Develop\Dependency\graalvm\graalvm-ce-java17-22.3.3"/>
    <property name="file.separator" value="\"/>
    <property name="basedir" value="D:\Develop\JavaDevelop\qc-tools\threads-utils"/>
    <property name="java.vm.compressedOopsMode" value="Zero based"/>
    <property name="jdk.internal.vm.ci.enabled" value="true"/>
    <property name="line.separator" value="&#10;"/>
    <property name="java.vm.specification.vendor" value="Oracle Corporation"/>
    <property name="java.specification.name" value="Java Platform API Specification"/>
    <property name="surefire.real.class.path" value="C:\Users\pqcmm\AppData\Local\Temp\surefire17697489401516588653\surefirebooter-20240325150323019_3.jar"/>
    <property name="user.script" value=""/>
    <property name="sun.management.compiler" value="HotSpot 64-Bit Tiered Compilers"/>
    <property name="java.runtime.version" value="17.0.8+7-jvmci-22.3-b22"/>
    <property name="user.name" value="pqcmm"/>
    <property name="path.separator" value=";"/>
    <property name="os.version" value="10.0"/>
    <property name="java.runtime.name" value="OpenJDK Runtime Environment"/>
    <property name="file.encoding" value="GBK"/>
    <property name="java.vm.name" value="OpenJDK 64-Bit Server VM"/>
    <property name="java.vendor.version" value="GraalVM CE 22.3.3"/>
    <property name="localRepository" value="C:\Users\pqcmm\.m2\repository"/>
    <property name="java.vendor.url.bug" value="https://github.com/oracle/graal/issues"/>
    <property name="java.io.tmpdir" value="C:\Users\pqcmm\AppData\Local\Temp\"/>
    <property name="idea.version" value="2023.2.4"/>
    <property name="java.version" value="17.0.8"/>
    <property name="user.dir" value="D:\Develop\JavaDevelop\qc-tools\threads-utils"/>
    <property name="os.arch" value="amd64"/>
    <property name="java.vm.specification.name" value="Java Virtual Machine Specification"/>
    <property name="sun.os.patch.level" value=""/>
    <property name="native.encoding" value="GBK"/>
    <property name="java.library.path" value="D:\Develop\Dependency\graalvm\graalvm-ce-java17-22.3.3\bin;C:\Windows\Sun\Java\bin;C:\Windows\system32;C:\Windows;D:\Develop\Dependency\apache-maven-3.9.4\bin;C:\Program Files (x86)\VMware\VMware Workstation\bin\;D:\Develop\Dependency\ctags\ctags-2023-12-02_p6.0.20231126.0-9-g684ed1d-clang-x64;D:\Develop\Dependency\Android\tools;C:\Program Files\Python312\Scripts\;C:\Program Files\Python312\;C:\Program Files\Common Files\Oracle\Java\javapath;C:\Windows\system32;C:\Windows;C:\Windows\System32\Wbem;C:\Windows\System32\WindowsPowerShell\v1.0\;C:\Windows\System32\OpenSSH\;D:\Program Files\Bandizip;D:\Program Files\Go\bin;D:\Program Files\Redis\;D:\Develop\Dependency\nvm;C:\Program Files\nodejs;D:\Develop\Dependency\mingw64\bin;D:\Develop\Dependency\cloc;D:\Program Files (x86)\Tencent\微信web开发者工具\dll;C:\Program Files\Git\cmd;C:\Program Files (x86)\Gpg4win\..\GnuPG\bin;C:\Users\pqcmm\scoop\shims;C:\Users\pqcmm\.console-ninja\.bin;C:\Users\pqcmm\AppData\Local\Microsoft\WindowsApps;C:\Users\pqcmm\go\bin;D:\Program Files\Microsoft VS Code\bin;D:\Program Files\JetBrains\IntelliJ IDEA 2023.2\bin;C:\Users\pqcmm\AppData\Local\JetBrains\Toolbox\scripts;%WebStorm%;%NVM_HOME%;%NVM_SYMLINK%;%PyCharm%;%GoLand%;D:\modeltech64_10.4\win64;."/>
    <property name="java.vm.info" value="mixed mode, sharing"/>
    <property name="java.vendor" value="GraalVM Community"/>
    <property name="java.vm.version" value="17.0.8+7-jvmci-22.3-b22"/>
    <property name="sun.io.unicode.encoding" value="UnicodeLittle"/>
    <property name="java.class.version" value="61.0"/>
  </properties>
  <testcase name="testException" classname="online.zust.qcqcqc.utils.TestDemos" time="1.147">
    <system-out><![CDATA[15:03:23.988 [main] DEBUG org.springframework.scheduling.concurrent.ThreadPoolTaskExecutor - Initializing ExecutorService
start promise....
返回结果为运行出错啦，进入异常回调
返回结果为456，进入finally回调
Promise结果为：456
]]></system-out>
  </testcase>
  <testcase name="testThreads" classname="online.zust.qcqcqc.utils.TestDemos" time="8.029">
    <system-out><![CDATA[15:03:25.020 [main] DEBUG org.springframework.scheduling.concurrent.ThreadPoolTaskExecutor - Initializing ExecutorService
主线程已完成，等待3秒钟
start wait.....
尝试获取Promise结果
15:03:28.031 [1711350203980-exec-1] ERROR online.zust.qcqcqc.utils.threads.Promise - Promise rejected by user
返回结果为123，进入失败回调
返回结果为123，进入finally回调
Promise结果为：123
尝试重启Promise
start wait.....
start wait.....
返回结果为456，进入成功回调
返回结果为456，进入finally回调
15:03:31.041 [1711350203980-exec-2] ERROR online.zust.qcqcqc.utils.threads.Promise - Promise rejected by user
返回结果为123，进入失败回调
返回结果为123，进入finally回调
]]></system-out>
  </testcase>
  <testcase name="testTimeout" classname="online.zust.qcqcqc.utils.TestDemos" time="3.015">
    <system-out><![CDATA[15:03:33.052 [main] DEBUG org.springframework.scheduling.concurrent.ThreadPoolTaskExecutor - Initializing ExecutorService
timeout
]]></system-out>
  </testcase>
  <testcase name="testNullTask" classname="online.zust.qcqcqc.utils.TestDemos" time="1.015">
    <system-out><![CDATA[15:03:36.068 [main] DEBUG org.springframework.scheduling.concurrent.ThreadPoolTaskExecutor - Initializing ExecutorService
未完成任务数量：1
任务全部完成
]]></system-out>
  </testcase>
  <testcase name="testSync" classname="online.zust.qcqcqc.utils.TestDemos" time="2.035">
    <system-out><![CDATA[15:03:37.085 [main] DEBUG org.springframework.scheduling.concurrent.ThreadPoolTaskExecutor - Initializing ExecutorService
start wait.....
返回结果为123，进入成功回调
start wait.....
start wait.....
返回结果为123，进入成功回调
返回结果为456，进入结束回调
Promise结果为：123 456
]]></system-out>
  </testcase>
  <testcase name="testProgressCallback" classname="online.zust.qcqcqc.utils.TestDemos" time="0.937">
    <system-out><![CDATA[15:03:39.122 [main] DEBUG org.springframework.scheduling.concurrent.ThreadPoolTaskExecutor - Initializing ExecutorService
15:03:39.243 [1711350203980-exec-13] INFO online.zust.qcqcqc.utils.threads.Tasks - 当前执行的线程1711350203980-exec-13，任务进度：1/10
15:03:39.258 [1711350203980-exec-19] INFO online.zust.qcqcqc.utils.threads.Tasks - 当前执行的线程1711350203980-exec-19，任务进度：2/10
15:03:39.327 [1711350203980-exec-11] INFO online.zust.qcqcqc.utils.threads.Tasks - 当前执行的线程1711350203980-exec-11，任务进度：3/10
15:03:39.351 [1711350203980-exec-15] INFO online.zust.qcqcqc.utils.threads.Tasks - 当前执行的线程1711350203980-exec-15，任务进度：4/10
15:03:39.376 [1711350203980-exec-20] INFO online.zust.qcqcqc.utils.threads.Tasks - 当前执行的线程1711350203980-exec-20，任务进度：5/10
15:03:39.584 [1711350203980-exec-14] INFO online.zust.qcqcqc.utils.threads.Tasks - 当前执行的线程1711350203980-exec-14，任务进度：6/10
15:03:39.594 [1711350203980-exec-17] INFO online.zust.qcqcqc.utils.threads.Tasks - 当前执行的线程1711350203980-exec-17，任务进度：7/10
15:03:39.696 [1711350203980-exec-16] INFO online.zust.qcqcqc.utils.threads.Tasks - 当前执行的线程1711350203980-exec-16，任务进度：8/10
15:03:39.802 [1711350203980-exec-12] INFO online.zust.qcqcqc.utils.threads.Tasks - 当前执行的线程1711350203980-exec-12，任务进度：9/10
15:03:40.057 [1711350203980-exec-18] INFO online.zust.qcqcqc.utils.threads.Tasks - 当前执行的线程1711350203980-exec-18，任务进度：10/10
任务全部完成
任务结果：[201, 675, 117, 457, 224, 569, 467, 929, 129, 249]
]]></system-out>
  </testcase>
  <testcase name="testMultiTask" classname="online.zust.qcqcqc.utils.TestDemos" time="0.981">
    <system-out><![CDATA[15:03:40.060 [main] DEBUG org.springframework.scheduling.concurrent.ThreadPoolTaskExecutor - Initializing ExecutorService
start wait.....
start wait.....
start wait.....
start wait.....
start wait.....
start wait.....
start wait.....
start wait.....
start wait.....
start wait.....
返回结果为9，进入成功回调
返回结果为1，进入成功回调
返回结果为8，进入成功回调
返回结果为6，进入成功回调
返回结果为0，进入成功回调
返回结果为7，进入成功回调
返回结果为3，进入成功回调
返回结果为4，进入成功回调
返回结果为5，进入成功回调
返回结果为2，进入成功回调
执行结果为：[9, 1, 8, 6, 0, 7, 3, 4, 5, 2]
Promise结果为：[0, 1, 2, 3, 4, 5, 6, 7, 8, 9]
]]></system-out>
  </testcase>
  <testcase name="testCreateThreadPool" classname="online.zust.qcqcqc.utils.TestDemos" time="0.002">
    <system-out><![CDATA[15:03:41.043 [main] DEBUG org.springframework.scheduling.concurrent.ThreadPoolTaskExecutor - Initializing ExecutorService
]]></system-out>
  </testcase>
  <testcase name="testSimple" classname="online.zust.qcqcqc.utils.TestDemos" time="1.011">
    <system-out><![CDATA[15:03:41.045 [main] DEBUG org.springframework.scheduling.concurrent.ThreadPoolTaskExecutor - Initializing ExecutorService
start promise....
返回结果为123，进入成功回调
返回结果为123，进入finally回调
Promise结果为：123
]]></system-out>
  </testcase>
  <testcase name="testMultiReturnValue" classname="online.zust.qcqcqc.utils.TestDemos" time="1.014">
    <system-out><![CDATA[15:03:42.057 [main] DEBUG org.springframework.scheduling.concurrent.ThreadPoolTaskExecutor - Initializing ExecutorService
Promise已启动，等待结果
start wait.....
start wait.....
返回结果为456，进入成功回调
返回结果为123，进入成功回调
Promise结果为：[123, 456]
]]></system-out>
  </testcase>
</testsuite>